{"logLevel":"debug","message":"multithreading is set to false"}
{"logLevel":"debug","message":"Using reflection to scan dependencies for gauge implementations..."}
SLF4J: The requested version 1.5.6 by your slf4j binding is not compatible with [1.6, 1.7]
SLF4J: See http://www.slf4j.org/codes.html#version_mismatch for further details.
{"logLevel":"debug","message":"gauge-java took 924milliseconds to load and scan. This should be less than 'runner_connection_timeout' config value."}
{"logLevel":"debug","message":"run 'gauge config runner_connection_timeout' and verify that it is < 924"}
{"logLevel":"debug","message":"starting gRPC server..."}
{"logLevel":"debug","message":"started gRPC server on port 51360"}
{"logLevel":"info","message":"Listening on port:51360"}
Şub 01, 2022 3:53:01 ÖS org.reflections.Reflections scan
INFO: Reflections took 3672 ms to scan 89 urls, producing 10651 keys and 56270 values 
{"logLevel":"debug","message":"Scanning packages for steps"}
{"logLevel":"debug","message":"Comparing 'StepImplementation.waitForSecond' and 'StepImplementation.waitForSecond'"}
{"logLevel":"debug","message":"Found {} saniye bekle in current project scope."}
{"logLevel":"debug","message":"Comparing 'StepImplementation.scrollAction' and 'StepImplementation.scrollAction'"}
{"logLevel":"debug","message":"Found Sayfayı kaydır in current project scope."}
{"logLevel":"debug","message":"Comparing 'StepImplementation.clickRandomelement' and 'StepImplementation.clickRandomelement'"}
{"logLevel":"debug","message":"Found Elementler {} arasından rastgele bir tanesini seç ve tıkla in current project scope."}
{"logLevel":"debug","message":"Comparing 'StepImplementation.sendKeysById' and 'StepImplementation.sendKeysById'"}
{"logLevel":"debug","message":"Found {} id'li elemente {} yaz in current project scope."}
{"logLevel":"debug","message":"Comparing 'StepImplementation.clickByXpath' and 'StepImplementation.clickByXpath'"}
{"logLevel":"debug","message":"Found {} li elemente tıkla in current project scope."}
{"logLevel":"debug","message":"Comparing 'StepImplementation.textAreaControlId' and 'StepImplementation.textAreaControlId'"}
{"logLevel":"debug","message":"Found id {} li elementi bul ve {} alanını kontrol et in current project scope."}
{"logLevel":"debug","message":"Comparing 'StepImplementation.clickByid' and 'StepImplementation.clickByid'"}
{"logLevel":"debug","message":"Found {} id'li elemente tıkla in current project scope."}
{"logLevel":"debug","message":"Comparing 'StepImplementation.textAreaControlXpath' and 'StepImplementation.textAreaControlXpath'"}
{"logLevel":"debug","message":"Found Xpath {} içeren elementi bul ve {} alanını kontrol et in current project scope."}
{"logLevel":"debug","message":"Scanning packages for hooks"}
{"logLevel":"debug","message":"Scanned steps (using static parsing + reflections): "}
{"logLevel":"debug","message":"\t{} li elemente tıkla : public void clickByXpath(String xpath)"}
{"logLevel":"debug","message":"\tSayfayı kaydır : public void scrollAction()"}
{"logLevel":"debug","message":"\t{} saniye bekle : public void waitForSecond(ınt wait) throws InterruptedException"}
{"logLevel":"debug","message":"\tXpath {} içeren elementi bul ve {} alanını kontrol et : public void textAreaControlXpath(String xpath, String text)"}
{"logLevel":"debug","message":"\t{} id'li elemente {} yaz : public void sendKeysById(String id, String text)"}
{"logLevel":"debug","message":"\t{} id'li elemente tıkla : public void clickByid(String selectorid)"}
{"logLevel":"debug","message":"\tid {} li elementi bul ve {} alanını kontrol et : public void textAreaControlId(String id, String text)"}
{"logLevel":"debug","message":"\tElementler {} arasından rastgele bir tanesini seç ve tıkla : public void clickRandomelement(String xpath)"}
Şub 01, 2022 3:53:04 ÖS org.reflections.Reflections scan
INFO: Reflections took 3075 ms to scan 89 urls, producing 10561 keys and 47460 values 
ANDROID TESTI BASLIYOR
Şub 01, 2022 3:53:15 ÖS io.appium.java_client.remote.AppiumCommandExecutor$1 lambda$0
INFO: Detected dialect: W3C
{"logLevel":"debug","message":"Executing '{} saniye bekle' using 'class StepImplementation.waitForSecond"}
{"logLevel":"debug","message":"Executing 'id {} li elementi bul ve {} alanını kontrol et' using 'class StepImplementation.textAreaControlId"}
{"logLevel":"debug","message":"Killing Java runner..."}
{"logLevel":"debug","message":"Stopping execution pool..."}
{"logLevel":"debug","message":"Shutting down grpc server..."}
{"logLevel":"debug","message":"Runner killed gracefully."}
